[handleMsg]:  {
  key: {
    remoteJid: '5216692714607@s.whatsapp.net',
    fromMe: false,
    id: '3A0E99A45A9E447E150F',
    participant: undefined
  },
  messageTimestamp: 1704853877,
  pushName: 'Carlos Leon',
  broadcast: false,
  message: Message {
    conversation: 'Hola',
    messageContextInfo: MessageContextInfo {
      deviceListMetadata: [DeviceListMetadata],
      deviceListMetadataVersion: 2
    }
  },
  body: 'Hola',
  from: '5216692714607'
}
[QUEUE_SE_ENVIO]:  {
  ref: 'ans_8807917c-630d-4ad1-b766-5cf7bbc683b3',
  keyword: 'key_08875180-aff5-4f41-af09-b2e70a9e54ed',
  answer: '__call_action__',
  options: {
    media: null,
    buttons: [],
    capture: false,
    child: null,
    delay: 0,
    idle: null,
    nested: [],
    keyword: {},
    callback: true
  },
  refSerialize: 'cf625fcfb20b079f4f51078d6647de93'
}
[QUEUE_SE_ENVIO]:  {
  ref: 'ans_86a8832e-5ca2-4d63-a3e1-2d0cd7e0730b',
  keyword: 'ans_8807917c-630d-4ad1-b766-5cf7bbc683b3',
  answer: '*Bienvenido* a *Hectors Tacos* 🌮\n' +
    '\n' +
    '✨ Los del parque zaragoza ✨\n' +
    '✨ El sabor de mazatlán desde 1980✨\n' +
    '\n' +
    '¿Cómo podemos ayudarte?\n' +
    '\n' +
    '1️⃣ Hacer un pedido 📝\n' +
    '2️⃣ Ver horarios 🕔\n' +
    '3️⃣ Zonas de entrega 🛵\n' +
    '4️⃣ Dirección del local 🗺️\n' +
    '5️⃣ Sugerencias 🗒️\n' +
    '\n' +
    '👉 Escribe solo el *número* de la opción deseada.',
  options: {
    media: 'https://dialogobot.hous.com.mx/logo_hectors_tacos.jpg',
    buttons: [],
    capture: true,
    child: null,
    delay: 3000,
    idle: 300000,
    nested: [],
    keyword: {},
    callback: true
  },
  refSerialize: 'ea5bf645237b0409e77519700bf30977'
}
[handleMsg]:  {
  key: {
    remoteJid: '5216692714607@s.whatsapp.net',
    fromMe: false,
    id: 'B4994E9390DAC2454D',
    participant: undefined
  },
  messageTimestamp: 1704853890,
  pushName: 'Carlos Leon',
  broadcast: false,
  message: Message {
    extendedTextMessage: ExtendedTextMessage { text: '1', contextInfo: [ContextInfo] },
    messageContextInfo: MessageContextInfo {
      deviceListMetadata: [DeviceListMetadata],
      deviceListMetadataVersion: 2
    }
  },
  body: '1',
  from: '5216692714607'
}
[handleMsg]:  {
  key: {
    remoteJid: '5216692714607@s.whatsapp.net',
    fromMe: false,
    id: 'D1E59F60E0155BA108',
    participant: undefined
  },
  messageTimestamp: 1704853919,
  pushName: 'Carlos Leon',
  broadcast: false,
  message: Message {
    extendedTextMessage: ExtendedTextMessage {
      text: 'me das tres tacos de asada y una coca',
      contextInfo: [ContextInfo]
    },
    messageContextInfo: MessageContextInfo {
      deviceListMetadata: [DeviceListMetadata],
      deviceListMetadataVersion: 2
    }
  },
  body: 'me das tres tacos de asada y una coca',
  from: '5216692714607'
}
[QUEUE_SE_ENVIO]:  {
  ref: 'ans_aa89381b-e9cd-4d9a-b267-4fc474e24acc',
  keyword: 'ans_bf4113b3-3d58-44ce-b2a7-b0f351bc221d',
  answer: '¿Agregar algo más al pedido? Indíquelo o escriba 3️⃣ para el resumen.',
  options: {
    media: null,
    buttons: [],
    capture: true,
    child: null,
    delay: 0,
    idle: 300000,
    nested: [ [Object], [Object], [Object], [Object], [Object] ],
    keyword: {},
    callback: true
  },
  refSerialize: 'f51bd2f98f473fbcb568d38cbf25c060'
}
[handleMsg]:  {
  key: {
    remoteJid: '5216692714607@s.whatsapp.net',
    fromMe: false,
    id: '29D3E8E46FA314ACB2',
    participant: undefined
  },
  messageTimestamp: 1704853921,
  pushName: 'Carlos Leon',
  broadcast: false,
  message: Message {
    extendedTextMessage: ExtendedTextMessage { text: '3', contextInfo: [ContextInfo] },
    messageContextInfo: MessageContextInfo {
      deviceListMetadata: [DeviceListMetadata],
      deviceListMetadataVersion: 2
    }
  },
  body: '3',
  from: '5216692714607'
}
[handleMsg]:  {
  key: {
    remoteJid: '5216692714607@s.whatsapp.net',
    fromMe: false,
    id: '943716B2F1CB079ACB',
    participant: undefined
  },
  messageTimestamp: 1704853938,
  pushName: 'Carlos Leon',
  broadcast: false,
  message: Message {
    extendedTextMessage: ExtendedTextMessage { text: '1', contextInfo: [ContextInfo] },
    messageContextInfo: MessageContextInfo {
      deviceListMetadata: [DeviceListMetadata],
      deviceListMetadataVersion: 2
    }
  },
  body: '1',
  from: '5216692714607'
}
[handleMsg]:  {
  key: {
    remoteJid: '5216692714607@s.whatsapp.net',
    fromMe: false,
    id: '1168DB32060EC39C37',
    participant: undefined
  },
  messageTimestamp: 1704853942,
  pushName: 'Carlos Leon',
  broadcast: false,
  message: Message {
    extendedTextMessage: ExtendedTextMessage { text: '2', contextInfo: [ContextInfo] },
    messageContextInfo: MessageContextInfo {
      deviceListMetadata: [DeviceListMetadata],
      deviceListMetadataVersion: 2
    }
  },
  body: '2',
  from: '5216692714607'
}
[handleMsg]:  {
  key: {
    remoteJid: '5216692714607@s.whatsapp.net',
    fromMe: false,
    id: '076A97F5ACD525E4A2',
    participant: undefined
  },
  messageTimestamp: 1704853943,
  pushName: 'Carlos Leon',
  broadcast: false,
  message: Message {
    extendedTextMessage: ExtendedTextMessage { text: 'fgdf', contextInfo: [ContextInfo] },
    messageContextInfo: MessageContextInfo {
      deviceListMetadata: [DeviceListMetadata],
      deviceListMetadataVersion: 2
    }
  },
  body: 'fgdf',
  from: '5216692714607'
}
[QUEUE_SE_ENVIO]:  {
  ref: 'ans_b8b2ddd3-e4d1-4d1f-bd0c-d3d9ff1da4a0',
  keyword: 'ans_dc780885-c9f3-4763-b5a8-9550752b9c8e',
  answer: '*¡Gracias!* por tu preferencia 🤖\n' +
    '\n' +
    'Escribe 0️⃣ para volver al menú de inicio 🔙',
  options: {
    media: null,
    buttons: [],
    capture: false,
    child: null,
    delay: 2500,
    idle: null,
    nested: [],
    keyword: {},
    callback: true
  },
  refSerialize: 'a8c5e65dface94faf25845267333e15a'
}
