5216692714607:ENCOLADO ans_928b6f0d-3f88-496c-912b-eb4036d4992f
5216692714607:EJECUTANDO
5216692714607:SUCCESS
5216692714607:ENCOLADO ans_98e5d387-6176-4006-aefc-be982f99e6de
5216692714607:EJECUTANDO
5216692714607:SUCCESS
5216692714607:ENCOLADO ans_c4fb1f11-2e15-4ad3-81e4-918c27f70721
5216692714607:EJECUTANDO
5216692714607:SUCCESS
5216692714607:ENCOLADO ans_928b6f0d-3f88-496c-912b-eb4036d4992f
5216692714607:EJECUTANDO
5216692714607:ENCOLADO ans_c4fb1f11-2e15-4ad3-81e4-918c27f70721
5216692714607:ENCOLADO ans_928b6f0d-3f88-496c-912b-eb4036d4992f
5216692714607:ENCOLADO ans_928b6f0d-3f88-496c-912b-eb4036d4992f
5216692714607:EJECUTANDO
5216692714607:SUCCESS
5216692714607:ERROR: "cancelled"
5216692714607:ERROR: "cancelled"
5216692714607:SUCCESS
5216692714607:ENCOLADO ans_98e5d387-6176-4006-aefc-be982f99e6de
5216692714607:EJECUTANDO
5216692714607:ENCOLADO ans_98e5d387-6176-4006-aefc-be982f99e6de
5216692714607:EJECUTANDO
5216692714607:SUCCESS
5216692714607:SUCCESS
5216692714607:ENCOLADO ans_c4fb1f11-2e15-4ad3-81e4-918c27f70721
5216692714607:EJECUTANDO
5216692714607:SUCCESS
5216692714607:ENCOLADO ans_559a5048-8fe4-4467-8126-bc7ec5476b6c
5216692714607:EJECUTANDO
5216692714607:SUCCESS
